2020-09-19 03:19:52,700 - pyswarms.single.global_best - INFO - Optimize for 1000 iters with {'c1': 0.5, 'c2': 0.3, 'w': 0.9}
2020-09-19 03:31:05,499 - pyswarms.single.global_best - INFO - Optimize for 1000 iters with {'c1': 0.5, 'c2': 0.3, 'w': 0.9}
2020-09-19 03:32:12,285 - pyswarms.single.global_best - INFO - Optimize for 1000 iters with {'c1': 0.5, 'c2': 0.3, 'w': 0.9}
2020-09-19 03:33:10,356 - pyswarms.single.global_best - INFO - Optimize for 1000 iters with {'c1': 0.5, 'c2': 0.3, 'w': 0.9}
2020-09-19 03:37:26,111 - pyswarms.single.global_best - INFO - Optimization finished | best cost: 177893.7656949401, best pos: [-0.96530828  1.93715318 15.3772274   6.74578719  6.82745305  4.34042349
 12.19234611  0.23563956 10.83334487  8.19282214 -2.54733711  2.59009083
 12.11216464  9.60660092  5.01257633 -4.1269745  -2.99749166 -6.41770631
  5.49142633  0.4667163  12.86822695  7.44434696  5.22631334  6.74421396
  4.59942462 11.16677562  2.08615793 16.22657873  6.50879819  5.13505
  1.02675657  6.62543113  1.69840998  5.79365179 -1.51519871  5.21580521
 -2.08358083  9.41248455 10.12298922 21.26468598 -0.21001784 13.23104528
 12.12366803  5.03491496  4.00212723  6.1163097   0.16098309 -2.39432412
  3.83050815  0.02131271  8.17635786  4.52497116  2.08460793  3.1850531
 -1.23568351 -1.90763734  3.40207666 13.08490162  1.7922206  13.75939844
  8.2851089  20.77135802 -4.6898107   3.35894082  0.83561942 11.63474225
  3.22972958  8.57449793 12.53536439 11.82425315  9.4063214   5.52265188
  6.39823739  6.66750319  1.57496823 -2.09518365 -0.05507012  7.13366837
  9.4784622  12.09644804  2.26844945 -5.63444619 14.02628509  4.6617049
 17.32645599  7.96260879  2.64863618  1.73702266  8.52354906 16.40368333
  9.53810629  6.73710742  4.57473694 13.42289466  9.07461057  5.04771188
  7.99585757 -1.7052134  -0.72382073 -0.57280079]
2020-09-19 03:44:04,730 - pyswarms.single.global_best - INFO - Optimize for 1000 iters with {'c1': 0.7, 'c2': 0.6, 'w': 0.7}
2020-09-19 03:47:13,051 - pyswarms.single.global_best - INFO - Optimize for 200 iters with {'c1': 0.7, 'c2': 0.6, 'w': 0.7}
2020-09-19 03:47:58,000 - pyswarms.single.global_best - INFO - Optimization finished | best cost: 8667.132228122535, best pos: [ 2.54640555  3.85250799 -0.50979714  1.41513571  0.70895068  1.82698977
  2.05194546  0.46299493  1.75923927  3.66881925  1.61713565  1.40483721
  2.27424959  1.4706187   2.65126626  2.9007745   3.15284251  1.43064234
  2.43124815  1.27907174  1.82006016  2.1484629   1.35474181  1.5687268
  1.31032484  2.24222248  0.40239847  1.01125962  0.9543703   0.01559773
  0.81173582  1.51052282  4.00580161  1.20772837  3.7529433   2.07009869
  4.29429254  1.66612917  2.3133931   1.6936147   0.754794    1.63712977
  0.11439895  1.89140927  2.00135105  0.78988629  1.84017611  4.19283864
  3.09337524  1.72889441  1.13833173  2.45453956  2.29254834  0.99961914
  2.26008347  2.46462119  0.44743811  1.90031855  2.6056463   0.14684515
 -0.44696871  2.22600363  0.84137413  0.96578765  0.83187446  2.80624999
  0.96508848  2.29086424  0.26111616  3.5434305   2.05508179  0.15743184
  0.75073063 -0.58709757  1.62870135  0.72852427  1.85007465  2.99629044
  2.97941991 -0.13030269  3.29833903  1.83642341  1.16603468  3.55143318
  0.50088083  0.77628311  1.65119516  1.72279716  1.29094656  2.60019006
  3.15502635 -0.35448225  1.1278295  -0.0255826   0.67022041  2.70295737
  3.32169925  0.95107798  2.15666803  2.58964836]
2020-09-19 03:50:01,527 - pyswarms.single.global_best - INFO - Optimize for 200 iters with {'c1': 0.7, 'c2': 0.6, 'w': 0.7}
2020-09-19 03:51:30,308 - pyswarms.single.global_best - INFO - Optimization finished | best cost: 5938.176128045285, best pos: [ 3.71757518e+00  1.22952667e+00 -2.39758945e+00  3.48005214e+00
  1.71051953e+00 -2.06127685e-01  1.08265460e+00  4.12521444e+00
  3.23728871e-01  9.95195373e-01 -1.38520966e-01  5.78531254e-01
  2.84732949e+00  2.83020530e+00  7.16821317e-01  6.83833214e+00
  4.59836395e+00 -8.91588695e-01  2.75446013e+00  3.68727909e+00
  4.07831349e+00  2.08776530e+00  1.81699207e+00  2.28836085e+00
  3.03392471e-01  1.83992962e+00  2.07197051e+00  8.62864492e-01
  1.49808611e+00  3.39792773e-01  5.04811911e+00  4.46224953e+00
  5.32116424e+00  3.63571369e-01 -1.34023864e+00  2.42684898e+00
  1.86597578e+00 -9.19411424e-01  1.33240393e+00  5.69852228e+00
  3.14738443e+00  1.57491004e+00 -3.09429612e-03  9.32220148e-01
  3.38413501e+00 -4.62405682e-01  2.81886457e+00  5.05261816e+00
  2.63293578e+00  1.07586166e+00  2.24829440e+00  2.94458666e+00
  7.05141119e-01  7.93401084e-01  2.65805142e+00 -4.39962539e-01
  2.77768413e+00  1.36350224e-01  2.20516413e+00  5.14220473e+00
  1.58708297e+00  1.68983084e+00  1.79565276e+00  3.20505422e+00
  2.39809879e+00  2.06762507e+00  1.33162601e+00  2.28064168e+00
  4.71059457e+00  3.39957850e+00 -8.69390710e-01  4.82563202e+00
  2.79659791e+00  9.12515037e-01  1.72535638e+00  1.71492563e+00
  8.50825067e-01  4.12156416e-01  3.35624743e+00  2.08348944e+00
  6.96693776e-01  3.09715595e+00  1.61945631e+00  1.42356907e+00
  2.34861523e+00  5.93145051e-01  2.60569221e+00  1.49446732e+00
  1.99491791e-01  2.62835477e+00  1.38460598e+00 -5.64599179e-01
  5.55381187e+00  7.41404142e-01  1.33271125e+00 -1.16000239e-01
  3.61705791e+00  3.09765422e+00  1.25624433e+00  3.01754824e+00]
2020-09-19 03:51:57,604 - pyswarms.single.global_best - INFO - Optimize for 100 iters with {'c1': 0.7, 'c2': 0.6, 'w': 0.7}
2020-09-19 03:59:41,877 - pyswarms.single.global_best - INFO - Optimization finished | best cost: 5386.5689760195555, best pos: [-1.32408195  3.99515636  0.40683548  0.58375018  0.88724502  0.22993975
  1.36326225 -0.46583577  1.09945082  2.02876431  4.38397501  4.76223299
  0.95699248  3.73267614  2.68911109  1.98299637  2.14480067 -0.64286756
  1.72438836  3.08786351 -0.98940022  2.96388662  4.55760426 -0.41120477
  2.53359627 -2.64977216  4.66863747  1.06380074 -1.11057154  1.68463349
  5.10015159  1.89167777  3.80253746  4.0626169   0.44461412  2.75559447
  3.11575055  2.25253855  1.98913813 -2.70362583  2.40902544  0.98832928
  0.56431809 -0.72817027  2.42091964  0.55300583  1.72916036  2.46432022
 -0.59835952  1.33735466 -0.8481374   6.38006019  2.04640844  1.65724126
  3.9999808   0.50584853  2.36887618 -0.35501493  1.52031421  1.27129384
  0.0657346   4.40549099  0.5715849   2.00757478  3.61533996  3.58658203
  2.03584786  2.27864453  2.71960687  1.23352345 -0.84159382 -0.85018628
  3.46535211  1.216748    1.74652236 -0.19236921  0.13197297  2.10249086
 -0.26451903  5.19108128  0.24549036 -0.09359086  1.85594635  4.14142782
  2.48576159  3.02113634  1.89446847 -1.9860363   1.83202503  0.79931727
  0.45288547  1.2190116   0.82006018 -0.3632691  -0.31748364 -0.30563873
  1.53552689  0.35925208  5.32365957  0.65872249]
2020-09-19 04:04:40,845 - pyswarms.single.global_best - INFO - Optimize for 25 iters with {'c1': 0.7, 'c2': 0.6, 'w': 0.7}
2020-09-19 04:05:12,949 - pyswarms.backend.generators - ERROR - Bounds and/or init_pos should be of size (100,)
Traceback (most recent call last):
  File "C:\Users\awals\anaconda3\envs\dsenv\lib\site-packages\pyswarms\backend\generators.py", line 82, in generate_swarm
    low=min_bounds, high=max_bounds, size=(n_particles, dimensions)
  File "mtrand.pyx", line 1108, in numpy.random.mtrand.RandomState.uniform
  File "_common.pyx", line 522, in numpy.random._common.cont
  File "_common.pyx", line 443, in numpy.random._common.cont_broadcast_2
  File "__init__.pxd", line 756, in numpy.PyArray_MultiIterNew3
ValueError: shape mismatch: objects cannot be broadcast to a single shape
2020-09-19 04:05:33,321 - pyswarms.single.global_best - INFO - Optimize for 25 iters with {'c1': 0.7, 'c2': 0.6, 'w': 0.7}
2020-09-19 04:07:15,046 - pyswarms.single.global_best - INFO - Optimization finished | best cost: 0.0946737603255084, best pos: [ 664.96311238 2524.10287161 3940.25324965  809.80830433 1966.78303513
 1070.95671852 1169.94224804 1519.19485622 3116.90981318 1293.29444063
 1477.93376142  636.70549756  258.53877469 2296.84946992  314.08277268
  768.84896826 2229.32365178 1004.90394385 3535.3397079  2439.22525475
  154.49754723 2267.41597936 1376.42727508 3606.11766983 1397.25917385
  380.52218854 2638.71254108 3944.34746541 1403.45233264 2461.41883159
 3162.92162224    8.81783783 1501.62566025  983.66863368 1765.90183776
 1945.491194   3232.72589023 2712.67404536 1363.26254916 3058.47627539
 2726.143118   1076.78364624 3758.10587957 1394.85669924 3085.63834088
 3173.32306692 1207.55581038  764.93777263 3294.93420741  475.60415938
 1290.09223896 2597.26146509 3516.21156775   11.90071189 2928.5285107
  796.47795556  503.19711842 3725.45142547 3943.33748557 2030.84054775
 3506.26545779 3839.2824137  1045.32260359 2403.25465347  120.30636662
 1502.92966129 2602.89470013  858.00684627 2192.3373958  3054.66812515
 2994.4305945   207.13017286 1496.192138   1640.42398386 1596.88963773
  188.24067881  795.52037057 3831.59399791  123.27732362 1856.02035072
 1696.22332505 3569.79763263 3539.05545237  942.30838379  223.06859468
 3547.39865816   23.54766552  132.29695777 3800.27074323 2969.86776189
  140.68747678 2789.35815603 3946.72396668  548.41873302 1383.19865095
 2329.8538727  2354.58971768 2543.18205007 2617.96674201 3015.24656704]
2020-09-19 04:07:56,465 - pyswarms.single.global_best - INFO - Optimize for 15 iters with {'c1': 0.7, 'c2': 0.6, 'w': 0.7}
2020-09-19 04:08:58,273 - pyswarms.single.global_best - INFO - Optimization finished | best cost: 8.737424247991713, best pos: [3520.15063689 1184.49803518  165.41588951 2227.04837063 2709.60193024
 3141.07239519 1905.1561942  2178.23351625  933.1780171  1638.49270549
 1492.2117424  3832.40241985 2358.66975541 1930.4313441   805.99143284
 3681.4776981   249.58359249 3619.66781466 3764.01930431 1766.6187004
 2316.89838882 1702.39813712 1134.4510411  1197.70688872 1120.9242513
 3498.6742657   402.51952775 2747.63914287 2942.92673175  962.13035288
 2640.13052077  197.00503842  893.70726615 1940.97932258 1375.33542002
 2238.69730971 3867.96613358 3288.53438738 3700.05524257 1120.37730908
 1431.1424461   396.59546571 2055.66539196 1699.2625628  1864.34562789
 2386.60066158 3106.59271279 2260.7938317  3822.05843944 2713.82918923
 2843.49262395  663.47489993 1169.85441027 2876.61445518 2426.69195498
  208.48825678 1850.35361341 3079.43814931 2777.8774603  2582.0430601
 3463.145085   1676.51369955  293.3341791  1788.91142423 1157.71843299
 3028.24229213  432.68069644  857.7777502  3707.99603237 2387.79980263
 3809.87018858  623.6926423   485.1901241  3768.0344495  3120.90688666
  216.68046698 1613.74915369 1175.83869627 1627.37465113 1541.22499358
 1806.18832659   73.62026198 3083.9946407  1241.56050715 2039.46626232
 1382.85526851 3599.47851056 2953.00050069 2326.05495719 3111.80835008
 2387.85443253 1140.07713284  145.57547421 1432.27989002  669.1101017
 1713.58161417 2816.76226842 1263.29176959 3844.99061457  154.5573063 ]
2020-09-19 04:09:42,167 - pyswarms.single.global_best - INFO - Optimize for 10 iters with {'c1': 0.3, 'c2': 0.6, 'w': 0.3}
2020-09-19 04:10:23,170 - pyswarms.single.global_best - INFO - Optimization finished | best cost: 7.0669238433317645, best pos: [ 128.97796824  350.79512444 1748.21096858 2883.12787354 1995.87228444
 1099.19787222 1306.06812971 2794.49303835  249.75758641 2198.92347873
 2658.91925745 2086.48318675 2951.2743528   478.54440455 2199.47399573
  367.12976591 1820.60397692 2513.50006332  310.72400837 2770.69151385
 2814.47698188 1157.62705955 3117.17277792 2968.8508186   776.22975628
 1486.75106841 1849.29778237 3614.2163444  1860.22851127 1609.15931933
 1344.36418946 1359.1705587   874.55005293  349.09012073 3045.63087089
 1928.22421176  596.10803519 1435.13771441 1480.32991836 1378.61977643
  685.07074055 3546.57479609 3466.95907029 3157.06397089 2932.82211814
 2676.36626071 3616.0532113   874.11515547 2676.55933251 1119.53862536
  915.83027781  886.75557574 3007.79762424 1508.39097235 1209.34137505
 1825.49570583 1326.73313532  796.1826394    12.52376983 1823.31109826
 3826.44490648  831.06352642 2285.54176477 1248.57649642  391.78714544
 2016.89332173  741.4517078  3077.56978933 1821.17611059  190.46549082
 3837.63394831 3643.84336178 2535.33046421 3844.13888811  155.05806595
 3924.98619128 1560.05426963  587.21679679 2274.04152831 3702.50677189
 1669.78287338 2195.67303304 3428.86585646  635.05556183 1000.00264396
 1839.42161495 2585.14799979 1526.96832259 1114.14829982  244.19750665
 1240.8840933  3129.84504686 2009.81699038  608.93827052 3938.40023572
 2333.66001527 1409.92299408 2524.52956595 3601.08322634 2666.03559685]
2020-09-19 04:12:57,505 - pyswarms.single.global_best - INFO - Optimize for 5 iters with {'c1': 0.3, 'c2': 0.6, 'w': 0.3}
2020-09-19 04:16:28,463 - pyswarms.single.global_best - INFO - Optimization finished | best cost: 8.755934683762682, best pos: [3460.87725608  448.62617817 3205.11633454 1354.37498479 3360.48960591
  339.98863262  288.88721635 2943.49064058   98.70733881 1268.71464362
 3550.09603737  111.02359026 3181.44543185  814.89406918 3099.99913797
 2667.45432021 3495.62634542 3628.61793776 2418.72516178 2904.03043861
  920.78519281  153.83539122  816.58488829 1273.92598754   17.71586075
 1070.32877036 2179.56239291 1918.38547126 1282.91873911  624.59533913
 1000.32557901  968.42134704 3328.79278856 1620.41809484 2819.20674474
 1763.68695175 1143.00310263 1751.9147429  1899.66609327 2983.61567405
 2268.65680568 1082.18638293 3808.20495254 2597.73751463 3767.20186216
 2820.86752239  910.04045569 1911.46556346 1032.28972513 3203.14445811
 1403.0104077  2283.26669934 1413.33356695 3856.68461112 3771.61256537
 1418.59652478  664.66880941  349.83574316 1866.4846927   957.044309
  691.24879106  770.36443968 2142.69575258  631.75766485 1840.87375134
 1502.50642301  894.78670279 2667.40770138 2001.47948042 3195.69967899
 3097.22376753 3446.81580567  897.56131849 3539.28255893  207.65682708
 2133.03983855 1647.75384628 1117.56918888 1234.7533508  1459.06767932
 3409.14294905 2384.70307879   15.10250477 1845.11320288 3885.4562373
  858.46979478 1794.32278714 2687.9000044  1287.88377017  855.91275437
 2981.50740783 1775.87127722 1691.28670566  677.54447565 2693.33506082
 1285.32539606  365.32870756  972.03145282  259.41870118  605.19691099]
2020-09-19 04:17:12,876 - pyswarms.single.global_best - INFO - Optimize for 10 iters with {'c1': 0.3, 'c2': 0.6, 'w': 0.8}
2020-09-19 04:17:56,136 - pyswarms.single.global_best - INFO - Optimization finished | best cost: 8.887325905408881, best pos: [ 392.50334336 1822.71702383  549.36986192 3461.62976214 3541.61551807
 1478.6357349   751.01792092 2357.93684537 2859.99454688 3443.36782009
 1688.81206804 1268.7384957  3664.9861495  3210.78551161 1810.65420705
 1157.97160637 3191.76142108  932.71501075 2068.56112947 3449.64380298
  756.58601643 3110.33290292 1191.16252852 3239.41186191 3362.63371652
 2217.9519698  1111.65638354  571.93684142  982.17443847  114.44455314
 2092.05757602 2717.28903658 2587.24181829 3139.05868235  149.08251029
 1617.88541965 2602.64851501 2874.05426056 2456.65161982 1464.92058287
  339.47588396 3252.4738708  1716.08235264 3587.29905541  239.54907785
  237.00946501 2478.11484828 1293.49137699 3783.46532936 1119.30328405
 2402.55177877  385.41390194 2392.54989318  238.33591733  486.8241574
 2349.99191756 1102.72395967 2516.29781116 3147.90116738 3051.45553665
 2590.37581651 3541.28559187 1980.01266583  203.39525776 1718.5396538
 1860.38846823 2383.06150257  980.95200232 1999.70174404 2691.45770955
 1093.89663945 3610.7682068  2191.83750242 3739.50981637 3285.7333886
 2390.92316148 3919.97268446 3594.72986432   61.16309274  993.7542008
 3886.66133015 2379.91915678 3610.569736    991.96691053 2459.2261917
 1621.38699882 3719.28801209  249.32703004 3176.71553483 1482.04023349
 1901.08171163  715.65313032 2874.24718269  474.48874259 3441.39486657
  522.60614688 3693.6613794  3773.20731746 1564.42586433 2367.50891261]
2020-09-19 04:19:45,224 - pyswarms.single.global_best - INFO - Optimize for 10 iters with {'c1': 0.3, 'c2': 0.6, 'w': 0.8}
2020-09-19 04:20:28,959 - pyswarms.single.global_best - INFO - Optimization finished | best cost: 0.012579810815712713, best pos: [3760.01011402 2650.00818952 3339.89120467 1951.2714522  1797.85526576
 2599.5589311  2259.74072935 1933.08222565 1027.97852969 1784.58845385
 3875.39046554  641.79981263 1759.10975514 1309.14464461 2012.5942694
  285.21705564 1984.58479447 1670.33897507 1049.42671568 1119.6254081
 1363.25461076 2036.19739756 3509.22579937 1413.7485287  3873.91299319
 1426.54019748 2039.43858548 2151.80785014   72.46914314 1489.76401321
 3092.40440779 2427.34157921 2055.0365336  3066.02199675  556.12686006
 1071.3480015  3430.98356641 2839.75092121   83.4652282  3942.080085
  699.81146844 1650.69765158 1689.02061987 1824.86134068 3307.75476676
  371.41796346  142.23972174  534.65079695 3916.63347717 2115.72256263
 1245.45456099 3234.10109894 3329.32857197 2481.34401124  268.9402289
 1781.25539481 1534.48344667  689.02321304 1402.28224818  976.04525014
 2288.19253205 1109.36630555  411.26770579 3407.91234267 1954.18636495
 3731.71175372 3733.76350011 1979.59221984 3518.21864947 3748.9826499
 2262.07966782  899.404297   3643.89766901  777.77088884  516.42751312
  728.66428678  980.29571436  795.93751166 1572.20064134 1038.52152159
 2697.31049782 3349.02220795  337.06699642 3043.15081621   56.09243651
 1063.01716956 3170.00632489 1811.99800451 3169.77234734 2180.3140236
  842.7405003  3216.79961839 3050.90327166  976.90254137 1817.30383649
 1854.78163774 3719.98850446 3460.50765141 3338.24854307 3927.30332384]
2020-09-19 04:20:47,263 - pyswarms.single.global_best - INFO - Optimize for 10 iters with {'c1': 0.3, 'c2': 0.6, 'w': 0.8}
2020-09-19 04:21:31,240 - pyswarms.single.global_best - INFO - Optimization finished | best cost: 0.10009859004898403, best pos: [1392.2196397  3614.92190634 3690.91438263 1551.20432616  457.94105357
 2102.29164891   47.1761267  3096.47798876 1433.43104541  619.69520693
  491.13226397 1506.24893595 3737.86056462 2313.41996452 3171.61863686
  546.7414011  1492.54174173 2648.09197754 3589.95672175 3156.20670923
 1814.72764204 1896.0494799  1022.13546172 1668.8571166  1996.25985139
 2899.25663941  730.0781646  3264.07630147 1269.70095275 1046.26761373
 3183.45935696  310.26923843 3365.76312517 3512.28523513 2028.57967411
 3907.10566891  894.8047672   590.27630232  495.83064271 2522.8599848
 2420.70431735 3792.32232985 3577.98576519 3865.17495078 1468.22062952
 2495.43195166  520.29787077   66.50139262  924.57759236 1113.68683858
  285.08439307 3484.68291792   14.65914919  487.60702852 2154.09116831
 1910.00127872 2570.02323726 3907.73414889 2423.79440881 2063.61283981
  183.43740671 2712.59503845  984.60063934  761.6988884   157.17228892
 1312.94786889 2880.18944833  494.68170832 2384.7811459   522.72381943
 1929.60167237  703.97413333  686.41522854  829.92824838  976.9477925
 3280.2575913  1115.91690406 2817.71931456 3948.66129568  141.06911573
   85.16647934 1777.69113873 2942.92095435 3772.79814466 1610.66916868
 3268.46250365   48.36314887 3383.21136202 2400.875173   3060.23651315
 3913.98907095 2064.04940514 3880.40891662 2212.88396918 2473.84336571
 2773.82092377  395.88232908  664.41965344 3699.84762335 2625.72290397]
2020-09-19 04:27:20,312 - pyswarms.single.global_best - INFO - Optimize for 10 iters with {'c1': 0.3, 'c2': 0.6, 'w': 0.8}
2020-09-19 04:28:04,755 - pyswarms.single.global_best - INFO - Optimization finished | best cost: 0.14563672738915115, best pos: [3786.91905398   20.46930769 2597.92742433  142.79497139 1195.14289034
  687.00488137 3913.98992023  928.2535292   846.44823403  864.14669768
 2398.13052932  743.1174702  1821.81471551  220.62680819 3008.46957984
 1917.7447087  2460.25367484 2688.92214301 1531.57308982 3081.72615849
 1707.57679447  920.98703515 2571.70921539 3797.47933033 3768.59902603
 1035.95293813 1582.99169696 3608.27444018  571.75548876 1471.88890888
 3197.13844593 2538.21076207  684.99834458 1816.64696229  117.14813751
 1251.78147461 1458.11226721  698.53429848 3374.98191504 3339.10741086
 3499.8913218   422.18911769 1915.35406176 2905.46314962 3861.95175102
 1711.38891305 1779.29271836 2651.4032247  2337.40361997 1124.63178179
 3932.99362239 1401.16792376 1166.91646689 1189.58918407 1465.48889488
 2036.23772897  419.96574893 2568.60535687 3219.46415989 2203.56522017
 3091.0211824  2773.6369209  3675.20605788 1218.02824462 3592.31272555
 2683.39048891  709.93922407 2079.44228078 3195.48793589 1084.92801091
 1949.32378614 2030.82533843 2223.8767154  2206.32013716 2186.45863991
 3221.38075613 3104.36233294  910.65258235 1924.02306568 1747.32621614
 1182.18772976 3200.51065804 3716.45051476  632.41456655 1357.69579143
 3497.24626449 1221.04438015 1634.615839    718.95027884 3100.03205989
    7.32354146   53.30997843 3706.0298161  3802.08595763 1115.85397834
 1358.56891091 1506.43858074   16.63243326 3460.99339614 2838.74288554]
2020-09-19 04:31:00,305 - pyswarms.single.global_best - INFO - Optimize for 10 iters with {'c1': 0.3, 'c2': 0.6, 'w': 0.8}
2020-09-19 04:31:44,936 - pyswarms.single.global_best - INFO - Optimization finished | best cost: 0.09668962535466105, best pos: [2973.29056708 3002.55386635 2981.51082042 2601.52260888 2567.56567718
 2052.63717744  161.08025618  838.68101332 1931.62845119 1196.84058632
 2402.14978958 2426.34596384 3267.16190334 1448.6388933  3337.39677364
 1972.52231995   19.95271388 2572.27571612  107.67303473 3876.61510866
  229.37085716 3777.18664131 3591.74973711 2137.08593967  795.82487213
 3350.68409261 3202.52430164 1088.70422722 3693.56466694  455.18191081
  899.51321392  748.56176762 2553.6369153   135.96002694 3029.09790457
 2273.8846822   557.97955012 2942.69106469 3431.97857538 1114.94389869
 2666.5805495  3797.4225424  1962.61661006   52.01364091 2138.32504482
 1681.58810724 3349.17529637 3503.54465718  128.19430211 1419.75018763
  537.54620717 1334.49274248 1415.35316741 1565.16526099 1091.35128728
   59.34943256 1359.20008986 3205.46862503 3905.61681598 3185.26513258
 3389.71806388  175.56207227 1640.4614445    20.58057631 1596.18540776
 3466.25381173  747.32386381 3930.04825834 1757.68125411 3761.57704296
  797.27219797 3075.93606652 3500.25078057 2927.62025765 2403.85079078
 2089.35379677 1449.34190003  250.81656826  270.26420836  533.41340619
 1537.94001663 1307.61019501 3088.91439923 3219.7364065   281.73458159
 2077.9951943  1703.58587347  650.09120309 3816.53794628 2148.8876994
 2815.05071014 2655.53697654 3319.19686717 2260.91610772 3623.70850669
 3816.40619066 2946.76879067 1614.49972173 1240.07276822 3603.56156387]
2020-09-19 12:40:00,761 - pyswarms.single.global_best - INFO - Optimize for 10 iters with {'c1': 0.3, 'c2': 0.6, 'w': 0.8}
2020-09-19 12:40:23,097 - pyswarms.single.global_best - INFO - Optimization finished | best cost: 1068.5826758048572, best pos: [2146.72612456 2407.51431927 1133.96092723 2917.24905256 1187.53443409
  508.45122615  464.70159398 3689.71075884  921.72040348 3201.91035576
  809.22436687 3428.75714851 2152.04058045 3527.77777242 3000.67485921
 2788.65931437  367.18637053 3682.68985703 1969.59802016  420.01191403
 2342.06635385 3601.43470995 2301.53100512 3091.22541318 2744.11739118
  147.43061863  855.45294429 2035.42183526  626.6954573  2029.68219773
  177.85786499 1271.69033491  773.61170641   41.42557144  651.4426274
 2520.74752363  325.63326087 1020.35919845 2740.27515773 3417.83098273
 3516.26810721   30.06722946 3292.01286192 3881.68320225 3919.68808669
 2344.64056318 3094.19063426 1560.28377594 3707.92628893 1965.0361952
 3633.62118367  867.21010957 1018.19815357 2597.33451076 2364.55418786
  338.30298217 1453.59762715 1507.03401783 1653.61703134  149.45876684
  189.55422208  913.16177036 2287.19410542 2276.27442789 1759.78229882
 1276.53322049  330.93836735  734.0706656  2278.68635062 2681.40617936
  649.30580645 1514.71347549 2621.64870147  455.52645116 3684.2261284
 2858.07895741 1139.08780677 1718.56702753 2504.2444091  1334.8761962
 3680.36113399 3085.94497126 3794.71384062 1015.48054699   92.41486021
 2517.15228418  661.69676071  824.53030508 1311.64164707 3801.40960239
 3655.25092679 3480.24640189 3287.31394674   16.80134436 2865.93369363
 2966.92391497 2395.36637475  946.04381924  932.49540643 1785.21291705]
2020-09-19 12:41:06,377 - pyswarms.single.global_best - INFO - Optimize for 10 iters with {'c1': 0.3, 'c2': 0.6, 'w': 0.8}
2020-09-19 12:41:28,200 - pyswarms.single.global_best - INFO - Optimization finished | best cost: 1146.5744607600354, best pos: [2985.54928956  134.8470159  1948.40126181  801.48543838 1773.0680186
 1062.84317085 3582.65605065 1262.36536047  629.29552375 3863.13194282
  325.39981307 2813.27285755  863.46384055 2089.24582595  778.87819678
 2381.28987014 1127.94786859 3289.99568998 1105.24956205 3481.79835065
 2148.5368699    58.96274051 2456.74491376 3400.14831884 2538.98791841
 3088.03859875 1752.17348691  127.13335124  349.83595717 1380.33162471
 2106.66629147 3661.50155358 1547.74534546 1372.2606885  3791.98748202
 1909.93581435  287.63524559 2196.08623239 2906.71360567 1148.23851132
 3610.00272674 2098.12711974 3364.07987394 2058.22731083  954.76987778
 3142.95518258  950.11264843 1400.76798976 1635.91229938 3851.39076148
 1668.48533483  498.62506747 1246.45473567 2394.32669005  193.66830378
 3325.35431559 2355.83712183 1555.73902939 1736.84650738 2227.17601346
  771.04886627 1497.15573179 2769.24798141 3338.64504241  302.0655521
  962.77781267 2100.29119058 2504.90544462 2110.82206496 3378.3626771
  451.53669143  312.09493814 3802.09760397  331.42478015 3844.56021278
 1097.93079056 1855.73928089 2597.24856282 1787.49782361 2056.2399541
 1886.80967885  962.06897017 2416.13149222 1991.11196931  600.831413
 1143.08757799 3429.58973054 2883.2544626  2169.73326271 1556.73292045
 1341.29521782 1285.69782426 3515.10409894  688.82650044 3883.51856032
 3422.87667195 2756.79541911  100.85589346  751.25148276 2120.55599294]
2020-09-19 12:46:19,334 - pyswarms.single.global_best - INFO - Optimize for 10 iters with {'c1': 0.3, 'c2': 0.6, 'w': 0.8}
2020-09-19 12:46:40,990 - pyswarms.single.global_best - INFO - Optimization finished | best cost: 1064.6356260391353, best pos: [2883.55084284  723.43831905 2390.40924761 3941.86636585  705.77799343
 3553.80733059  171.63264834 3525.85087267 1865.92819972  245.42438797
 2690.1828727  2178.18845785 2398.71911939 3077.56345225 1202.74432646
 2401.12036123 1405.36643161 2133.55723978 1370.91265855 3784.20144127
 3745.09655508 1907.09613434  196.42199099 2410.13283055 3565.40664618
  967.52446103 2745.70904518 2867.57467193 1956.69751562 3719.61024953
 3256.8791211  3384.6437691   806.11595995  387.111659   3419.91148798
 1975.26873949  704.57782714 2219.94700035 3573.90256878  678.95827331
 3226.82908859 2813.70443844  739.11782924 2593.00211456 3806.67030795
 1124.63907527 1641.63777495 2607.50259551 3701.48669462 3064.02172504
  253.31477925 2754.33250852 2198.37615683 1641.88480813 3100.08379126
  950.14480804 1538.85842799 3674.21442739 2587.53078014   67.93838988
  373.55451326 1626.47254139 2106.76048883 2820.47253003 1283.12940902
 3467.46231213 2932.57256564 3914.82064754 1373.94008224  769.17738144
 2158.81819544  194.50207843 1353.62815893  275.08676587  483.30251412
 3314.22425164 1965.90910748 1624.61705905  964.25519898 3007.77959561
 1909.89231149 2415.40268238  204.47071138 1200.78739213 1038.67369572
 3529.29694258  229.14646633 3144.43266029 1323.55719504 2626.14133355
 2993.49908407 3734.07812856 2400.48498601 1024.48418124  514.8298614
 1761.72144933  497.92204913 2366.11751814  954.2446937  3131.28019639]
2020-09-19 12:57:34,795 - pyswarms.single.global_best - INFO - Optimize for 10 iters with {'c1': 0.3, 'c2': 0.6, 'w': 0.8}
2020-09-19 12:57:56,002 - pyswarms.single.global_best - INFO - Optimization finished | best cost: 0.005502900669826069, best pos: [  63.54035766 1836.1978782  1562.15531471 3855.4688401  1576.70692939
 3439.1859691  2594.06772248 3284.64949059 3533.26151373 3529.46745252
 3873.73425244 3231.08817235 1408.27049867 3431.55544812  618.46519492
  470.35834574 1595.24746827 1766.99308257 3622.99967531  990.98383213
  680.32448167  236.10315897 3085.91630314 3129.20860156 1280.7831628
 3367.04902565  113.59067874 3281.46724826 3945.47105922  513.3264348
 1029.07262543 1080.1874951  3707.04677154 1498.16738962  709.55906845
 2205.40585978 2522.98872097 3418.79841765  216.12506744 3868.59544575
 3633.98877031 2911.99239992 2639.6366469  1801.96848577 3887.23623833
  621.61730845 3161.17930451  626.53080016  178.4406478   921.33054026
 2470.99662245 3650.83440409 2335.82338355   53.37600187 3876.07221901
 1067.59278835 3221.73889242 3495.86287934   84.7615221  2168.55814449
 3569.91908345 3008.53617465  613.41245512 3152.45909005 1699.02966849
  465.14444582  909.42020307 2042.29549311 3008.97059797 1285.65613127
  110.21167136  276.99492372 1628.16547617 3707.47239829  434.15721376
 1344.91512451 2695.26550792 3750.20865339  104.64148686 3650.12339699
 2750.8436935  3091.06024295 1447.88773718  253.08630783 1543.89923915
 1630.34245835 3808.47981244 2587.32788327 3343.54024821 1038.05510432
 3385.83431053 1955.17909961 3558.18145465 1983.04061274  337.09423202
 3118.92114951 1757.15135692 1711.5730656  3290.33822321 1032.46273937]
2020-09-19 12:58:17,884 - pyswarms.single.global_best - INFO - Optimize for 1000 iters with {'c1': 0.3, 'c2': 0.6, 'w': 0.8}
2020-09-19 15:14:16,340 - pyswarms.single.global_best - INFO - Optimize for 1000 iters with {'c1': 0.3, 'c2': 0.6, 'w': 0.8}
2020-09-19 15:16:34,397 - pyswarms.single.global_best - INFO - Optimize for 1000 iters with {'c1': 0.3, 'c2': 0.6, 'w': 0.8}
2020-09-19 15:17:31,267 - pyswarms.single.global_best - INFO - Optimize for 1000 iters with {'c1': 0.3, 'c2': 0.6, 'w': 0.8}
2020-09-19 15:20:32,364 - pyswarms.single.global_best - INFO - Optimization finished | best cost: 0.47234416713176147, best pos: [3455.24842263   79.82762444 3593.4184824  3687.55072395 1078.34567358
 3692.63841358  328.78101787  165.95012118  635.38467049 2263.1989479 ]
2020-09-19 15:22:13,477 - pyswarms.single.global_best - INFO - Optimize for 1000 iters with {'c1': 0.8, 'c2': 0.3, 'w': 0.9}
2020-09-19 15:25:03,220 - pyswarms.single.global_best - INFO - Optimization finished | best cost: 0.04350589939599161, best pos: [ 260.40375134 1491.12023628 2854.15734231 1271.78140737]
2020-09-19 15:29:46,053 - pyswarms.single.global_best - INFO - Optimize for 100 iters with {'c1': 0.8, 'c2': 0.3, 'w': 0.9}
2020-09-19 15:30:03,191 - pyswarms.single.global_best - INFO - Optimization finished | best cost: 0.029376154920551373, best pos: [3801.18534274 3892.20295545  112.75238779  250.61665996 2519.75560617
 2621.81018033]
2020-09-19 15:30:17,388 - pyswarms.single.global_best - INFO - Optimize for 100 iters with {'c1': 0.8, 'c2': 0.3, 'w': 0.9}
2020-09-19 15:30:34,449 - pyswarms.single.global_best - INFO - Optimization finished | best cost: 0.02936426591752305, best pos: [3845.83072998  106.03213515  170.7204798  3880.37614962  402.18995105
  329.59694369]
2020-09-19 15:30:54,591 - pyswarms.single.global_best - INFO - Optimize for 100 iters with {'c1': 0.8, 'c2': 0.3, 'w': 0.9}
2020-09-19 15:31:11,773 - pyswarms.single.global_best - INFO - Optimization finished | best cost: 0.029485921716080037, best pos: [ 342.95269253  174.98850884 3582.74257356 3544.00851227  528.17961965
 3280.06532139]
2020-09-19 15:31:32,311 - pyswarms.single.global_best - INFO - Optimize for 100 iters with {'c1': 0.8, 'c2': 0.3, 'w': 0.9}
2020-09-19 15:31:55,851 - pyswarms.single.global_best - INFO - Optimization finished | best cost: 0.10042542777895962, best pos: [3082.09922778  702.78735498 2898.58824127 3944.0783725  3857.58183501
  797.00278605 2015.85890195 3454.00648435  644.41608113 3671.57103798
 3702.85607862 2678.381156   1521.66147723 2075.75473474  561.96774232
  173.61812028  144.41708134 2241.57962387 1625.84121099 1340.52110616]
2020-09-19 15:32:08,162 - pyswarms.single.global_best - INFO - Optimize for 100 iters with {'c1': 0.8, 'c2': 0.3, 'w': 0.9}
2020-09-19 15:32:31,942 - pyswarms.single.global_best - INFO - Optimization finished | best cost: 0.10829328925175154, best pos: [1708.69471663 1095.3638869   111.95202542 3242.37971031 1070.39677887
 3646.71017803  232.76691265  500.88688694 2607.19494757 3057.68786253
 3852.83709203  295.80086776 1072.44474285  703.46731791 3911.28063886
 3286.82299032 2461.44226023   85.37499971 3045.00706486 1010.83495251]
2020-09-19 15:33:44,127 - pyswarms.single.global_best - INFO - Optimize for 100 iters with {'c1': 0.8, 'c2': 0.3, 'w': 0.9}
2020-09-19 15:34:07,773 - pyswarms.single.global_best - INFO - Optimization finished | best cost: 0.008825570065211244, best pos: [3306.12026006 2255.99190166 2343.49674379  285.70408799 1240.87759042
 1311.79190706 1576.59320215  525.70507057  240.11289915 3457.92732959
 3354.86347521  273.9020864  1320.48253808 3172.6798      289.50439292
  408.03202246  706.16231452 1773.31440399 3074.98949956 3636.24634818]
2020-09-19 15:34:30,182 - pyswarms.single.global_best - INFO - Optimize for 100 iters with {'c1': 0.8, 'c2': 0.3, 'w': 0.9}
2020-09-19 15:34:53,916 - pyswarms.single.global_best - INFO - Optimization finished | best cost: 0.008834869437513581, best pos: [3515.37614246 2666.68130606  208.06975915  604.50824307 3136.61245121
  135.53379349 2498.50647592 1422.65995881  553.2739656  3737.50737996
 3810.49617914  958.10873411 1022.20917881  160.18340399 1556.71791366
 2255.07997889 2401.35523725 3265.09619828 1844.16029837 3467.30015638]
2020-09-19 15:36:23,443 - pyswarms.single.global_best - INFO - Optimize for 100 iters with {'c1': 0.8, 'c2': 0.3, 'w': 0.9}
2020-09-19 15:36:45,766 - pyswarms.single.global_best - INFO - Optimization finished | best cost: 0.008837390466685127, best pos: [1545.9490803   606.42469397  911.89517031 1146.69547138  973.14879097
 2088.31887049 3424.48663775  140.4951245  2736.53252016 3832.55311174
 3177.28257819  851.82570267 3621.39843731 2557.32866577 2146.90753375
   92.68393068  481.44591625 2739.96765638 2754.22654604 2869.66254294]
2020-09-19 15:37:30,327 - pyswarms.single.global_best - INFO - Optimize for 50 iters with {'c1': 0.8, 'c2': 0.3, 'w': 0.9}
2020-09-19 15:39:23,795 - pyswarms.single.global_best - INFO - Optimization finished | best cost: 0.008837898760373476, best pos: [2559.43679554 2044.42042887   87.61796144 3183.7443961  1066.53284837
  993.02048547 1964.87620103 2257.10765702 3881.3086597  2030.79541048
 2327.4033836   158.7343074  2669.79408656 3849.01083789  188.72749018
  326.87348019 2922.90564374 2991.12044879 2862.11200978  588.19942907]
2020-09-19 15:40:02,240 - pyswarms.single.global_best - INFO - Optimize for 50 iters with {'c1': 0.8, 'c2': 0.3, 'w': 0.9}
2020-09-19 15:41:52,400 - pyswarms.single.global_best - INFO - Optimization finished | best cost: 0.008858069450033985, best pos: [3140.36558675 1959.45293794 1902.97791253 1169.94941948  281.68978153
 2669.0151844   812.32956028  269.47460491 2120.17596853 2664.36670999
  549.87595737 3930.96452589  415.82667005 1671.06544625 3208.75461128
 3847.13836167 2660.44305924  174.68441307 2666.06543312 2872.59208688]
2020-09-19 15:42:31,211 - pyswarms.single.global_best - INFO - Optimize for 25 iters with {'c1': 0.5, 'c2': 0.3, 'w': 0.9}
2020-09-19 15:43:28,033 - pyswarms.single.global_best - INFO - Optimization finished | best cost: 0.0088412272773943, best pos: [3656.20648649 2166.32491286  938.72000236 2796.13516056  249.66621336
  505.25676476 1995.08285486 1710.41072261  207.21955556 1523.28566672
 3544.06254182 3686.97137205 1851.98838768  221.83389806 1634.99470269
 3813.79079462 3895.03532476 1108.62006572 1064.86531134 1883.11977212]
2020-09-19 15:44:55,180 - pyswarms.single.global_best - INFO - Optimize for 25 iters with {'c1': 0.5, 'c2': 0.3, 'w': 0.9}
2020-09-19 15:46:12,202 - pyswarms.single.global_best - INFO - Optimization finished | best cost: 12.075307874426555, best pos: [2161.96702335 3001.33885097 1500.38066831 1870.10977619 2952.17974437
 1130.08446671 3866.10700266 2185.3709248  2803.07776669  242.144042
 2164.26073922 3900.97258571 1377.97986466 2948.42789501 3526.41872837
  502.81767453 2100.29088523 1872.88463299   55.79785277 1890.93107442
  212.51016726 3598.43209173 1225.98204167  106.0619517   329.1216772
  678.90262703 2845.50744933 3053.738636   3729.71614094 2025.37156699]
2020-09-19 15:47:10,854 - pyswarms.single.global_best - INFO - Optimize for 25 iters with {'c1': 0.5, 'c2': 0.3, 'w': 0.9}
2020-09-19 15:48:30,448 - pyswarms.single.global_best - INFO - Optimization finished | best cost: 92.86823475446771, best pos: [2311.15333411 2483.90863909 1594.51332962 2448.39672644 3487.88326618
 1701.77383203 2628.81453894  701.57851765  427.19870316 1671.36843075
 1892.49607893 1174.30060585 3277.82292356 3143.7370662    71.75832319
 3271.25234283 3917.26035167 2242.61919029 2818.69326118 3905.10486141
 1075.51271262 2771.46046113  259.62147179  502.40400978 1795.02990485
   98.93342137 1848.25489416 3512.08535946 2813.56390549 1446.6492059 ]
2020-09-19 15:54:07,882 - pyswarms.single.global_best - INFO - Optimize for 50 iters with {'c1': 0.5, 'c2': 0.3, 'w': 0.9}
2020-09-19 15:56:39,539 - pyswarms.single.global_best - INFO - Optimization finished | best cost: 75.66242395403843, best pos: [1585.30974595 3666.75794449  371.76494263 3508.31477481 2695.03483022
 3830.40983678  258.59365149 1932.5035625  3028.21912015 1128.48059033
 3775.39289857 1878.09763271 1894.19532881  250.31554717  523.58054201
  964.42834537 3371.8926579  2488.50453917 1652.76901494 1320.67078577
 2742.46520203 1621.54152272 3808.14963455  164.51055495 2065.3887087
 2316.35374927 3790.31155601 3172.23296253 3259.86240844 1991.07343272]
2020-09-19 15:58:32,916 - pyswarms.single.global_best - INFO - Optimize for 50 iters with {'c1': 0.5, 'c2': 0.3, 'w': 0.9}
2020-09-19 16:01:03,851 - pyswarms.single.global_best - INFO - Optimization finished | best cost: 0.0059613164638683625, best pos: [ 391.4740222   328.93795912 2581.87797006   73.32022431 2595.16606454
 2149.32301446 3363.23338945 3051.99371663 3821.55652292  193.252759
 1702.04506977  366.97262964 2578.08596546 1596.95033124  197.85003252
 3761.77008221  316.70737269 2442.01095427 2433.73303628 3474.45448593
 1373.05655486 3840.80474281 1445.39526112  931.11476759  923.30562653
 2369.17561065 1738.00131094 1940.47505919 3578.49961594 1592.57394926]
2020-09-19 16:01:44,344 - pyswarms.single.global_best - INFO - Optimize for 50 iters with {'c1': 0.5, 'c2': 0.3, 'w': 0.9}
2020-09-19 16:03:05,886 - pyswarms.single.global_best - INFO - Optimization finished | best cost: 0.04350589939599161, best pos: [2195.75964072  266.05528322 2052.56830956 1917.63473821]
2020-09-19 16:05:34,082 - pyswarms.single.global_best - INFO - Optimize for 50 iters with {'c1': 0.5, 'c2': 0.3, 'w': 0.9}
2020-09-19 16:05:42,239 - pyswarms.single.global_best - INFO - Optimization finished | best cost: 0.04350589939599161, best pos: [2171.53160606 2593.81068263  886.10251446  743.6272588 ]
2020-09-19 16:05:57,703 - pyswarms.single.global_best - INFO - Optimize for 50 iters with {'c1': 0.5, 'c2': 0.3, 'w': 0.9}
2020-09-19 16:06:06,008 - pyswarms.single.global_best - INFO - Optimization finished | best cost: 0.04350589939599161, best pos: [ 474.14038023 3219.07425024 2964.95964762 2965.22894088]
2020-09-19 16:06:35,770 - pyswarms.single.global_best - INFO - Optimize for 50 iters with {'c1': 0.5, 'c2': 0.3, 'w': 0.9}
2020-09-19 16:06:47,508 - pyswarms.single.global_best - INFO - Optimization finished | best cost: 0.008834714895981376, best pos: [2362.02115254 3715.16863648  359.79158164  636.62471671 1624.63521251
 2433.74780141 1160.86638018  362.1175307  3398.79895656 1071.05546712
  413.38299491 2877.76898463  911.40191476 3902.26014227 3864.35629578
  235.63617783 2513.22926463 2135.29166027 3039.91826584 3179.8900185 ]
2020-09-19 16:07:13,655 - pyswarms.single.global_best - INFO - Optimize for 50 iters with {'c1': 0.5, 'c2': 0.3, 'w': 0.9}
2020-09-19 16:07:35,787 - pyswarms.single.global_best - INFO - Optimization finished | best cost: 0.004577215869586805, best pos: [2747.9927414  1578.02662861  799.87823305 1148.38496337 3498.61564724
  581.41129885  486.80809207 1585.78946829 2699.21296117 2541.95462438
  933.03414723  431.72792837 2651.3245635   804.22025337 1992.42506325
 1129.0575781  2609.91633285 3716.09296536 2434.68041271 3197.56296458
  591.78506679 3436.64328732 3899.20572639 2756.16958236 3445.65756054
 3636.92334485   83.21987393 1132.18234386 1045.82083069 1658.57424502
 1655.6293568   287.32599546 1608.12900818 2767.0991667  3084.45257592
  789.76322397  879.82431785 2839.99060003 2124.77893927  351.26622814]
2020-09-19 16:08:21,012 - pyswarms.single.global_best - INFO - Optimize for 50 iters with {'c1': 0.5, 'c2': 0.3, 'w': 0.9}
2020-09-19 16:08:41,409 - pyswarms.single.global_best - INFO - Optimization finished | best cost: 0.004566649736211349, best pos: [3423.81906507 1225.30094282 3650.14939475 2532.71653098 1707.23574639
  716.80616272 1294.71195735 2059.80259921 1969.36228562 3440.39696341
  136.59622115 1226.07615081 2132.53324073 1246.03386661 3555.27892199
  161.7121249   434.6283145  3524.35501791 2184.83496248 1610.54287972
 1247.43912196 2809.89543496 3195.8872419  3941.53262141  533.21295248
 1019.06629656 1055.27044211 1560.2605086  3800.02906264 2974.07279404
 2227.58151057  503.68951211 2486.24209054 3117.61246169 3359.27913484
 1704.80888162 1328.61840018  878.33353056 2851.30679986  251.02248472]
2020-09-19 16:09:41,808 - pyswarms.single.global_best - INFO - Optimize for 50 iters with {'c1': 0.5, 'c2': 0.3, 'w': 0.9}
2020-09-19 16:10:02,552 - pyswarms.single.global_best - INFO - Optimization finished | best cost: 13.711462665101598, best pos: [1312.51399461  829.72615627 2451.68945074 2082.42794027 2518.02251141
 3713.16596561  353.11494911 1912.14886645  445.58779942 1066.81474248
 1707.72851899 3120.18980486 3448.36371763 3076.11894009 1697.04701198
 1616.97968966  585.13158137  918.28875085  627.1106778  3150.23838673
 1523.39091646  537.80338093 2991.68603792 1626.17445166 3167.90473747
  664.52295124 3133.65389079 1832.36285793 2797.7722708  3332.20693631
 3866.65246237 1445.32602387 2634.75514934  729.65225011 1146.88998045
 2559.9460131  2818.83563334 2975.21636028  212.16018923 2691.05494411]
2020-09-19 16:10:54,720 - pyswarms.single.global_best - INFO - Optimize for 50 iters with {'c1': 0.5, 'c2': 0.3, 'w': 0.9}
2020-09-19 16:25:54,487 - pyswarms.single.global_best - INFO - Optimization finished | best cost: 5.891087477525263, best pos: [ 863.26786187 2250.38306983 3320.09005745 2083.83350314 2272.45513973
   89.11785788 1201.40760052 3455.44947309 3491.89579428 3796.4496063
  393.26189035 3323.1938169  3064.77708005 1724.68980952  383.35305149
  181.40656672 2999.51567822 3875.50022818 1836.86677951 2223.12043025
  233.92068486 2986.89801653 3380.39246531 2506.82232597 1507.13045958
  208.3965709  3175.63933426 1909.13400708  611.7139227  2640.45442489
 1640.5568942  2845.35574482 3591.03744134 1019.37199426 2979.14043311
  520.65365955 3566.72982489 1682.40170616 1965.7825235   830.25152647
  311.24078241 1766.04433935  107.02422356 1510.34986521 1836.26748306
 3670.83523472 1658.92189066  395.31451354 2616.78075617 1967.72891152
 2854.75876944 3883.9982668   328.48836413 3890.7766363  2935.79310261
 1985.89188236 3342.71569264  209.0339024   891.16922308 1379.4616374
  458.28117414 3600.36479292 3606.55044872  153.82473927 3154.39169265
 2288.05255805 2071.70094237 1256.36945972 1145.27840892  426.57745095
 3120.5765233  3408.92250295 2942.46297589 2724.52308673 3871.92322598
 3760.96832347  309.27952605  755.31805417 2623.00834335 3287.29614071
 2702.86048659  580.63983282  607.74854523 1176.22016774   73.66319206
   95.80506652 2214.86072577 3165.78510007 2278.4334925   831.22329476
 3064.08878593 3782.29760061 1670.52256548 1070.80722838 1899.54250869
  339.30970867  482.71004738  437.30171322 1916.78726245 3579.92439062]
2020-09-19 16:47:49,331 - pyswarms.single.global_best - INFO - Optimize for 100 iters with {'c1': 0.5, 'c2': 0.3, 'w': 0.9}
2020-09-19 16:48:37,011 - pyswarms.single.global_best - INFO - Optimization finished | best cost: 26.530015067086012, best pos: [ 898.16383488  955.35055761 2131.42185737  849.6981527   457.60107217
 2339.48392151 3116.31573011 2554.3943885   657.55431945  158.27655936
 2407.17799218  523.63342813 3319.24454185 2033.54952323 1103.3921655
 1617.13700639 1916.43012898 3925.29015515  406.45739333 3467.9639441 ]
2020-09-19 16:54:11,445 - pyswarms.single.global_best - INFO - Optimize for 100 iters with {'c1': 0.5, 'c2': 0.3, 'w': 0.9}
2020-09-19 16:55:00,091 - pyswarms.single.global_best - INFO - Optimization finished | best cost: 26.473151922507736, best pos: [  55.18288064 3427.50055474 3184.97801105  965.59651534  860.92584933
  969.37922848 3609.17471786  267.61167375 1732.59279667 2999.20365965
 2754.43194107 3697.78868195  692.9624669  2894.62637561 3713.62622786
 3524.07028666 1620.35912792  286.95905775 3538.75824238 1658.40576745]
2020-09-19 16:56:58,548 - pyswarms.single.global_best - INFO - Optimize for 100 iters with {'c1': 0.5, 'c2': 0.3, 'w': 0.9}
2020-09-19 16:57:45,681 - pyswarms.single.global_best - INFO - Optimization finished | best cost: 26.549362689305898, best pos: [1444.61772989 2847.32163198 3723.47093088 3478.63822371 2921.28051926
 3937.99363855  149.89325103 1882.65331202 3044.77384656 1349.41066122
 3030.90883341  143.44731302 3925.4402831  2189.87225706  398.2464087
  969.87645393 3470.96708782  836.4938745   263.13379601 3064.21287291]
2020-09-19 17:01:18,214 - pyswarms.single.global_best - INFO - Optimize for 100 iters with {'c1': 0.5, 'c2': 0.3, 'w': 0.9}
2020-09-19 17:02:01,322 - pyswarms.single.global_best - INFO - Optimization finished | best cost: 26.521217547674397, best pos: [ 796.20226487 3093.67567121 3288.08765398 3544.74221255  197.96871642
 3852.0622562  3142.13608468 2134.47445169 3184.79085255  282.29624386
 1717.25477531 1630.45761454 3514.97761309 1051.6377883   973.64390994
  546.1703535    73.89027527 2443.78068826 1211.1110822  2059.78967109]
2020-09-19 17:02:35,110 - pyswarms.single.global_best - INFO - Optimize for 100 iters with {'c1': 0.5, 'c2': 0.3, 'w': 0.9}
2020-09-19 17:02:37,345 - pyswarms.single.global_best - INFO - Optimization finished | best cost: 261.0353963759497, best pos: [ 904.51124849 2106.25977987]
2020-09-19 17:03:09,733 - pyswarms.single.global_best - INFO - Optimize for 100 iters with {'c1': 0.5, 'c2': 0.3, 'w': 0.9}
2020-09-19 17:03:27,616 - pyswarms.single.global_best - INFO - Optimization finished | best cost: 52.31178225722712, best pos: [ 589.94241112  194.93903196 1098.0493783  2030.08992786  927.60089559
 3468.33651967 2387.58433021  233.31401764 3760.18735469 3256.5970101 ]
2020-09-19 17:05:34,425 - pyswarms.single.global_best - INFO - Optimize for 100 iters with {'c1': 0.5, 'c2': 0.3, 'w': 0.9}
2020-09-19 17:07:13,222 - pyswarms.single.global_best - INFO - Optimization finished | best cost: 17.89774916168547, best pos: [2077.20344613  129.47098524 2751.76883653 3682.352038    192.23487612
 2832.78649758 3687.0524824   101.77246207  426.40817973 3436.63755623
 2082.75427274 3814.95101589  495.24158708  979.56657959 3728.22215169
 3636.09670803 3767.66049419 2490.01841703 2941.21740728 2219.09203999
  316.95308475 1413.7904021  1891.26880488 2369.47454165 1598.86717124
 1090.59538278 1347.54603475 2233.47222572 3062.09432675  693.43894357]
